Arguments: 
  /home/swaprr12/.local/share/nvm/v16.14.0/bin/node /home/swaprr12/.local/share/nvm/v16.14.0/bin/yarn

PATH: 
  /home/swaprr12/.local/bin:/home/swaprr12/.local/share/nvm/v16.14.0/bin:/usr/local/bin:/usr/bin:/bin:/usr/local/sbin:/usr/lib/jvm/default/bin:/usr/bin/site_perl:/usr/bin/vendor_perl:/usr/bin/core_perl

Yarn version: 
  1.22.17

Node version: 
  16.14.0

Platform: 
  linux x64

Trace: 
  SyntaxError: /home/swaprr12/workplace/project/open-source/antd-breadcrumbs/package.json: Unexpected token } in JSON at position 1577
      at JSON.parse (<anonymous>)
      at /home/swaprr12/.local/share/nvm/v16.14.0/lib/node_modules/yarn/lib/cli.js:1625:59
      at Generator.next (<anonymous>)
      at step (/home/swaprr12/.local/share/nvm/v16.14.0/lib/node_modules/yarn/lib/cli.js:310:30)
      at /home/swaprr12/.local/share/nvm/v16.14.0/lib/node_modules/yarn/lib/cli.js:321:13

npm manifest: 
  {
    "name": "antd-breadcrumbs",
    "version": "1.0.0",
    "main": "index.js",
    "license": "MIT",
    "peerDependencies": {
      "next": "^11.0.1",
      "react": "^17.0.2"
    },
    "devDependencies": {
      "@typescript-eslint/eslint-plugin": "^4.28.5",
      "@typescript-eslint/parser": "^4.28.5",
      "eslint": "^7.2.0",
      "eslint-config-airbnb": "18.2.1",
      "eslint-config-airbnb-typescript": "^12.3.1",
      "eslint-config-prettier": "^8.3.0",
      "eslint-plugin-import": "^2.22.1",
      "eslint-plugin-jest": "^24.4.0",
      "eslint-plugin-jsx-a11y": "^6.4.1",
      "eslint-plugin-prettier": "^3.4.0",
      "eslint-plugin-react": "^7.21.5",
      "eslint-plugin-react-hooks": "^1.7.0",
      "prettier": "^2.3.2",
      "@testing-library/jest-dom": "^5.11.9",
      "@testing-library/react": "^11.2.5",
      "@testing-library/user-event": "^13.0.10",
      "@types/jest": "^25.1.4",
      "@types/node": "^12.12.38",
      "@types/react": "^17.0.3",
      "@types/react-dom": "^17.0.3",
      "babel-eslint": "^10.0.3",
      "concat-md": "^0.3.5",
      "cross-env": "^7.0.2",
      "eslint-config-standard": "^14.1.0",
      "eslint-config-standard-react": "^9.2.0",
      "eslint-plugin-node": "^11.0.0",
      "eslint-plugin-promise": "^4.2.1",
      "eslint-plugin-standard": "^4.0.1",
      "gh-pages": "^2.2.0",
      "microbundle-crl": "^0.13.10",
      "next": "^11.0.1",
      "npm-run-all": "^4.1.5",
      "react": "^17.0.2",
      "react-docgen": "^5.4.0",
      "react-dom": "^17.0.2",
      "react-scripts": "^4.0.3",
      "typedoc": "^0.20.36",
      "typedoc-plugin-markdown": "^3.8.2",
      "typescript": "3.8.3"
    },
  }

yarn manifest: 
  No manifest

Lockfile: 
  No lockfile
